--- ERROR ACCEPTING INVITATION ---
org.springframework.web.server.ResponseStatusException: 400 BAD_REQUEST "Invitation is already ACCEPTED"
	at com.smarttask.workspace.service.WorkspaceInvitationService.lambda$acceptInvitation$8(WorkspaceInvitationService.java:114)
	at reactor.core.publisher.MonoFlatMap$FlatMapMain.onNext(MonoFlatMap.java:133)
	at reactor.core.publisher.FluxSwitchIfEmpty$SwitchIfEmptySubscriber.onNext(FluxSwitchIfEmpty.java:75)
	at reactor.core.publisher.MonoNext$NextSubscriber.onNext(MonoNext.java:83)
	at reactor.core.publisher.FluxUsingWhen$UsingWhenSubscriber.onNext(FluxUsingWhen.java:351)
	at reactor.core.publisher.MonoFlatMap$FlatMapMain.onNext(MonoFlatMap.java:159)
	at reactor.core.publisher.FluxOnErrorResume$ResumeSubscriber.onNext(FluxOnErrorResume.java:80)
	at reactor.core.publisher.Operators$MonoInnerProducerBase.complete(Operators.java:2859)
	at reactor.core.publisher.MonoSingle$SingleSubscriber.onComplete(MonoSingle.java:181)
	at reactor.core.publisher.Operators$MultiSubscriptionSubscriber.onComplete(Operators.java:2225)
	at reactor.core.publisher.FluxUsingWhen$UsingWhenSubscriber.deferredComplete(FluxUsingWhen.java:400)
	at reactor.core.publisher.FluxUsingWhen$CommitInner.onComplete(FluxUsingWhen.java:535)
	at reactor.core.publisher.Operators$MultiSubscriptionSubscriber.onComplete(Operators.java:2225)
	at reactor.core.publisher.FluxPeek$PeekSubscriber.onComplete(FluxPeek.java:263)
	at reactor.core.publisher.Operators$MultiSubscriptionSubscriber.onComplete(Operators.java:2225)
	at reactor.core.publisher.MonoIgnoreThen$ThenIgnoreMain.onComplete(MonoIgnoreThen.java:213)
	at reactor.core.publisher.MonoIgnoreThen$ThenIgnoreMain.onComplete(MonoIgnoreThen.java:213)
	at reactor.pool.SimpleDequePool.maybeRecycleAndDrain(SimpleDequePool.java:548)
	at reactor.pool.SimpleDequePool$QueuePoolRecyclerInner.onComplete(SimpleDequePool.java:790)
	at reactor.core.publisher.Operators.complete(Operators.java:137)
	at reactor.core.publisher.MonoEmpty.subscribe(MonoEmpty.java:46)
	at reactor.core.publisher.Mono.subscribe(Mono.java:4569)
	at reactor.pool.SimpleDequePool$QueuePoolRecyclerMono.subscribe(SimpleDequePool.java:903)
	at reactor.core.publisher.MonoDefer.subscribe(MonoDefer.java:54)
	at reactor.core.publisher.MonoIgnoreThen$ThenIgnoreMain.subscribeNext(MonoIgnoreThen.java:244)
	at reactor.core.publisher.MonoIgnoreThen$ThenIgnoreMain.onComplete(MonoIgnoreThen.java:207)
	at reactor.core.publisher.FluxPeek$PeekSubscriber.onComplete(FluxPeek.java:263)
	at reactor.core.publisher.MonoIgnoreElements$IgnoreElementsSubscriber.onComplete(MonoIgnoreElements.java:89)
	at reactor.core.publisher.MonoFlatMapMany$FlatMapManyInner.onComplete(MonoFlatMapMany.java:262)
	at reactor.core.publisher.FluxPeekFuseable$PeekFuseableSubscriber.onComplete(FluxPeekFuseable.java:278)
	at reactor.core.publisher.FluxContextWrite$ContextWriteSubscriber.onComplete(FluxContextWrite.java:128)
	at io.asyncer.r2dbc.mysql.internal.util.DiscardOnCancelSubscriber.onComplete(DiscardOnCancelSubscriber.java:84)
	at reactor.core.publisher.FluxPeekFuseable$PeekConditionalSubscriber.onComplete(FluxPeekFuseable.java:936)
	at reactor.core.publisher.FluxHandle$HandleConditionalSubscriber.onNext(FluxHandle.java:364)
	at reactor.core.publisher.FluxPeekFuseable$PeekConditionalSubscriber.onNext(FluxPeekFuseable.java:850)
	at reactor.core.publisher.SinkManyEmitterProcessor.drain(SinkManyEmitterProcessor.java:483)
	at reactor.core.publisher.SinkManyEmitterProcessor.tryEmitNext(SinkManyEmitterProcessor.java:281)
	at reactor.core.publisher.SinkManySerialized.tryEmitNext(SinkManySerialized.java:100)
	at reactor.core.publisher.InternalManySink.emitNext(InternalManySink.java:27)
	at io.asyncer.r2dbc.mysql.client.ReactorNettyClient$ResponseSink.next(ReactorNettyClient.java:394)
	at io.asyncer.r2dbc.mysql.client.ReactorNettyClient.lambda$new$0(ReactorNettyClient.java:119)
	at reactor.core.publisher.FluxPeek$PeekSubscriber.onNext(FluxPeek.java:188)
	at reactor.netty.channel.FluxReceive.drainReceiver(FluxReceive.java:296)
	at reactor.netty.channel.FluxReceive.onInboundNext(FluxReceive.java:407)
	at reactor.netty.channel.ChannelOperations.onInboundNext(ChannelOperations.java:445)
	at reactor.netty.channel.ChannelOperationsHandler.channelRead(ChannelOperationsHandler.java:115)
	at io.netty.channel.AbstractChannelHandlerContext.fireChannelRead(AbstractChannelHandlerContext.java:356)
	at io.netty.handler.codec.ByteToMessageDecoder.fireChannelRead(ByteToMessageDecoder.java:361)
	at io.netty.handler.codec.ByteToMessageDecoder.channelRead(ByteToMessageDecoder.java:325)
	at io.netty.channel.AbstractChannelHandlerContext.fireChannelRead(AbstractChannelHandlerContext.java:356)
	at io.netty.handler.ssl.SslHandler.unwrap(SslHandler.java:1540)
	at io.netty.handler.ssl.SslHandler.decodeJdkCompatible(SslHandler.java:1398)
	at io.netty.handler.ssl.SslHandler.decode(SslHandler.java:1449)
	at io.netty.handler.codec.ByteToMessageDecoder.decodeRemovalReentryProtection(ByteToMessageDecoder.java:545)
	at io.netty.handler.codec.ByteToMessageDecoder.callDecode(ByteToMessageDecoder.java:484)
	at io.netty.handler.codec.ByteToMessageDecoder.channelRead(ByteToMessageDecoder.java:296)
	at io.netty.channel.AbstractChannelHandlerContext.fireChannelRead(AbstractChannelHandlerContext.java:356)
	at io.netty.channel.DefaultChannelPipeline$HeadContext.channelRead(DefaultChannelPipeline.java:1429)
	at io.netty.channel.DefaultChannelPipeline.fireChannelRead(DefaultChannelPipeline.java:918)
	at io.netty.channel.nio.AbstractNioByteChannel$NioByteUnsafe.read(AbstractNioByteChannel.java:172)
	at io.netty.channel.nio.AbstractNioChannel$AbstractNioUnsafe.handle(AbstractNioChannel.java:445)
	at io.netty.channel.nio.NioIoHandler$DefaultNioRegistration.handle(NioIoHandler.java:388)
	at io.netty.channel.nio.NioIoHandler.processSelectedKey(NioIoHandler.java:596)
	at io.netty.channel.nio.NioIoHandler.processSelectedKeysOptimized(NioIoHandler.java:571)
	at io.netty.channel.nio.NioIoHandler.processSelectedKeys(NioIoHandler.java:512)
	at io.netty.channel.nio.NioIoHandler.run(NioIoHandler.java:484)
	at io.netty.channel.SingleThreadIoEventLoop.runIo(SingleThreadIoEventLoop.java:225)
	at io.netty.channel.SingleThreadIoEventLoop.run(SingleThreadIoEventLoop.java:196)
	at io.netty.util.concurrent.SingleThreadEventExecutor$5.run(SingleThreadEventExecutor.java:1195)
	at io.netty.util.internal.ThreadExecutorMap$2.run(ThreadExecutorMap.java:74)
	at io.netty.util.concurrent.FastThreadLocalRunnable.run(FastThreadLocalRunnable.java:30)
	at java.base/java.lang.Thread.run(Thread.java:840)
